#-----------------------------------------------------------
# Vivado v2018.2 (64-bit)
# SW Build 2258646 on Thu Jun 14 20:03:12 MDT 2018
# IP Build 2256618 on Thu Jun 14 22:10:49 MDT 2018
# Start of session at: Sun Jun 11 20:14:59 2023
# Process ID: 9108
# Current directory: C:/Users/Admin/OneDrive/Desktop/Final Project/project 2
# Command line: vivado.exe -gui_launcher_event rodinguilauncherevent2256 C:\Users\Admin\OneDrive\Desktop\Final Project\project 2\project_2.xpr
# Log file: C:/Users/Admin/OneDrive/Desktop/Final Project/project 2/vivado.log
# Journal file: C:/Users/Admin/OneDrive/Desktop/Final Project/project 2\vivado.jou
#-----------------------------------------------------------
start_gui
open_project {C:/Users/Admin/OneDrive/Desktop/Final Project/project 2/project_2.xpr}
Scanning sources...
Finished scanning sources
INFO: [IP_Flow 19-234] Refreshing IP repositories
INFO: [IP_Flow 19-1704] No user IP repositories specified
INFO: [IP_Flow 19-2313] Loaded Vivado IP repository 'C:/Xilinx/Vivado/2018.2/data/ip'.
open_project: Time (s): cpu = 00:00:09 ; elapsed = 00:00:06 . Memory (MB): peak = 985.965 ; gain = 234.398
update_compile_order -fileset sources_1
exit
INFO: [Common 17-206] Exiting Vivado at Sun Jun 11 20:15:40 2023...
